Analysis & Synthesis report for projetoDigitais
Wed May 19 22:48:06 2021
Quartus Prime Version 17.1.0 Build 590 10/25/2017 SJ Lite Edition


---------------------
; Table of Contents ;
---------------------
  1. Legal Notice
  2. Analysis & Synthesis Summary
  3. Analysis & Synthesis Settings
  4. Parallel Compilation
  5. Analysis & Synthesis Source Files Read
  6. Analysis & Synthesis Resource Usage Summary
  7. Analysis & Synthesis Resource Utilization by Entity
  8. Registers Removed During Synthesis
  9. Removed Registers Triggering Further Register Optimizations
 10. General Register Statistics
 11. Inverted Register Statistics
 12. Multiplexer Restructuring Statistics (Restructuring Performed)
 13. Post-Synthesis Netlist Statistics for Top Partition
 14. Elapsed Time Per Partition
 15. Analysis & Synthesis Messages



----------------
; Legal Notice ;
----------------
Copyright (C) 2017  Intel Corporation. All rights reserved.
Your use of Intel Corporation's design tools, logic functions 
and other software and tools, and its AMPP partner logic 
functions, and any output files from any of the foregoing 
(including device programming or simulation files), and any 
associated documentation or information are expressly subject 
to the terms and conditions of the Intel Program License 
Subscription Agreement, the Intel Quartus Prime License Agreement,
the Intel FPGA IP License Agreement, or other applicable license
agreement, including, without limitation, that your use is for
the sole purpose of programming logic devices manufactured by
Intel and sold by Intel or its authorized distributors.  Please
refer to the applicable agreement for further details.



+----------------------------------------------------------------------------------+
; Analysis & Synthesis Summary                                                     ;
+------------------------------------+---------------------------------------------+
; Analysis & Synthesis Status        ; Successful - Wed May 19 22:48:06 2021       ;
; Quartus Prime Version              ; 17.1.0 Build 590 10/25/2017 SJ Lite Edition ;
; Revision Name                      ; projetoDigitais                             ;
; Top-level Entity Name              ; projetoDigitais                             ;
; Family                             ; Cyclone IV E                                ;
; Total logic elements               ; 78                                          ;
;     Total combinational functions  ; 75                                          ;
;     Dedicated logic registers      ; 38                                          ;
; Total registers                    ; 38                                          ;
; Total pins                         ; 13                                          ;
; Total virtual pins                 ; 0                                           ;
; Total memory bits                  ; 0                                           ;
; Embedded Multiplier 9-bit elements ; 0                                           ;
; Total PLLs                         ; 0                                           ;
+------------------------------------+---------------------------------------------+


+----------------------------------------------------------------------------------------------------------------------+
; Analysis & Synthesis Settings                                                                                        ;
+----------------------------------------------------------------------------+--------------------+--------------------+
; Option                                                                     ; Setting            ; Default Value      ;
+----------------------------------------------------------------------------+--------------------+--------------------+
; Device                                                                     ; EP4CE115F29C7      ;                    ;
; Top-level entity name                                                      ; projetoDigitais    ; projetoDigitais    ;
; Family name                                                                ; Cyclone IV E       ; Cyclone V          ;
; VHDL Show LMF Mapping Messages                                             ; Off                ;                    ;
; VHDL Version                                                               ; VHDL_2008          ; VHDL_1993          ;
; Use smart compilation                                                      ; Off                ; Off                ;
; Enable parallel Assembler and TimeQuest Timing Analyzer during compilation ; On                 ; On                 ;
; Enable compact report table                                                ; Off                ; Off                ;
; Restructure Multiplexers                                                   ; Auto               ; Auto               ;
; Create Debugging Nodes for IP Cores                                        ; Off                ; Off                ;
; Preserve fewer node names                                                  ; On                 ; On                 ;
; Intel FPGA IP Evaluation Mode                                              ; Enable             ; Enable             ;
; Verilog Version                                                            ; Verilog_2001       ; Verilog_2001       ;
; State Machine Processing                                                   ; Auto               ; Auto               ;
; Safe State Machine                                                         ; Off                ; Off                ;
; Extract Verilog State Machines                                             ; On                 ; On                 ;
; Extract VHDL State Machines                                                ; On                 ; On                 ;
; Ignore Verilog initial constructs                                          ; Off                ; Off                ;
; Iteration limit for constant Verilog loops                                 ; 5000               ; 5000               ;
; Iteration limit for non-constant Verilog loops                             ; 250                ; 250                ;
; Add Pass-Through Logic to Inferred RAMs                                    ; On                 ; On                 ;
; Infer RAMs from Raw Logic                                                  ; On                 ; On                 ;
; Parallel Synthesis                                                         ; On                 ; On                 ;
; DSP Block Balancing                                                        ; Auto               ; Auto               ;
; NOT Gate Push-Back                                                         ; On                 ; On                 ;
; Power-Up Don't Care                                                        ; On                 ; On                 ;
; Remove Redundant Logic Cells                                               ; Off                ; Off                ;
; Remove Duplicate Registers                                                 ; On                 ; On                 ;
; Ignore CARRY Buffers                                                       ; Off                ; Off                ;
; Ignore CASCADE Buffers                                                     ; Off                ; Off                ;
; Ignore GLOBAL Buffers                                                      ; Off                ; Off                ;
; Ignore ROW GLOBAL Buffers                                                  ; Off                ; Off                ;
; Ignore LCELL Buffers                                                       ; Off                ; Off                ;
; Ignore SOFT Buffers                                                        ; On                 ; On                 ;
; Limit AHDL Integers to 32 Bits                                             ; Off                ; Off                ;
; Optimization Technique                                                     ; Balanced           ; Balanced           ;
; Carry Chain Length                                                         ; 70                 ; 70                 ;
; Auto Carry Chains                                                          ; On                 ; On                 ;
; Auto Open-Drain Pins                                                       ; On                 ; On                 ;
; Perform WYSIWYG Primitive Resynthesis                                      ; Off                ; Off                ;
; Auto ROM Replacement                                                       ; On                 ; On                 ;
; Auto RAM Replacement                                                       ; On                 ; On                 ;
; Auto DSP Block Replacement                                                 ; On                 ; On                 ;
; Auto Shift Register Replacement                                            ; Auto               ; Auto               ;
; Allow Shift Register Merging across Hierarchies                            ; Auto               ; Auto               ;
; Auto Clock Enable Replacement                                              ; On                 ; On                 ;
; Strict RAM Replacement                                                     ; Off                ; Off                ;
; Allow Synchronous Control Signals                                          ; On                 ; On                 ;
; Force Use of Synchronous Clear Signals                                     ; Off                ; Off                ;
; Auto RAM Block Balancing                                                   ; On                 ; On                 ;
; Auto RAM to Logic Cell Conversion                                          ; Off                ; Off                ;
; Auto Resource Sharing                                                      ; Off                ; Off                ;
; Allow Any RAM Size For Recognition                                         ; Off                ; Off                ;
; Allow Any ROM Size For Recognition                                         ; Off                ; Off                ;
; Allow Any Shift Register Size For Recognition                              ; Off                ; Off                ;
; Use LogicLock Constraints during Resource Balancing                        ; On                 ; On                 ;
; Ignore translate_off and synthesis_off directives                          ; Off                ; Off                ;
; Timing-Driven Synthesis                                                    ; On                 ; On                 ;
; Report Parameter Settings                                                  ; On                 ; On                 ;
; Report Source Assignments                                                  ; On                 ; On                 ;
; Report Connectivity Checks                                                 ; On                 ; On                 ;
; Ignore Maximum Fan-Out Assignments                                         ; Off                ; Off                ;
; Synchronization Register Chain Length                                      ; 2                  ; 2                  ;
; Power Optimization During Synthesis                                        ; Normal compilation ; Normal compilation ;
; HDL message level                                                          ; Level2             ; Level2             ;
; Suppress Register Optimization Related Messages                            ; Off                ; Off                ;
; Number of Removed Registers Reported in Synthesis Report                   ; 5000               ; 5000               ;
; Number of Swept Nodes Reported in Synthesis Report                         ; 5000               ; 5000               ;
; Number of Inverted Registers Reported in Synthesis Report                  ; 100                ; 100                ;
; Clock MUX Protection                                                       ; On                 ; On                 ;
; Auto Gated Clock Conversion                                                ; Off                ; Off                ;
; Block Design Naming                                                        ; Auto               ; Auto               ;
; SDC constraint protection                                                  ; Off                ; Off                ;
; Synthesis Effort                                                           ; Auto               ; Auto               ;
; Shift Register Replacement - Allow Asynchronous Clear Signal               ; On                 ; On                 ;
; Pre-Mapping Resynthesis Optimization                                       ; Off                ; Off                ;
; Analysis & Synthesis Message Level                                         ; Medium             ; Medium             ;
; Disable Register Merging Across Hierarchies                                ; Auto               ; Auto               ;
; Resource Aware Inference For Block RAM                                     ; On                 ; On                 ;
+----------------------------------------------------------------------------+--------------------+--------------------+


+------------------------------------------+
; Parallel Compilation                     ;
+----------------------------+-------------+
; Processors                 ; Number      ;
+----------------------------+-------------+
; Number detected on machine ; 4           ;
; Maximum allowed            ; 2           ;
;                            ;             ;
; Average used               ; 1.00        ;
; Maximum used               ; 2           ;
;                            ;             ;
; Usage by Processor         ; % Time Used ;
;     Processor 1            ; 100.0%      ;
;     Processor 2            ;   0.0%      ;
+----------------------------+-------------+


+-----------------------------------------------------------------------------------------------------------------------------------------------------------------------------------------+
; Analysis & Synthesis Source Files Read                                                                                                                                                  ;
+----------------------------------+-----------------+------------------------------------+-------------------------------------------------------------------------------------+---------+
; File Name with User-Entered Path ; Used in Netlist ; File Type                          ; File Name with Absolute Path                                                        ; Library ;
+----------------------------------+-----------------+------------------------------------+-------------------------------------------------------------------------------------+---------+
; FourBitParSftReg.vhdl            ; yes             ; User VHDL File                     ; C:/Users/oluca/Downloads/projetoDigitais (1)/projetoDigitais/FourBitParSftReg.vhdl  ;         ;
; projetoDigitais.bdf              ; yes             ; User Block Diagram/Schematic File  ; C:/Users/oluca/Downloads/projetoDigitais (1)/projetoDigitais/projetoDigitais.bdf    ;         ;
; BCDEncoder.vhdl                  ; yes             ; User VHDL File                     ; C:/Users/oluca/Downloads/projetoDigitais (1)/projetoDigitais/BCDEncoder.vhdl        ;         ;
; OneShot.vhdl                     ; yes             ; User VHDL File                     ; C:/Users/oluca/Downloads/projetoDigitais (1)/projetoDigitais/OneShot.vhdl           ;         ;
; EightBitShiftReg.vhdl            ; yes             ; User VHDL File                     ; C:/Users/oluca/Downloads/projetoDigitais (1)/projetoDigitais/EightBitShiftReg.vhdl  ;         ;
; CodeSelection.vhdl               ; yes             ; User VHDL File                     ; C:/Users/oluca/Downloads/projetoDigitais (1)/projetoDigitais/CodeSelection.vhdl     ;         ;
; Entrada.bdf                      ; yes             ; User Block Diagram/Schematic File  ; C:/Users/oluca/Downloads/projetoDigitais (1)/projetoDigitais/Entrada.bdf            ;         ;
; Saida.bdf                        ; yes             ; User Block Diagram/Schematic File  ; C:/Users/oluca/Downloads/projetoDigitais (1)/projetoDigitais/Saida.bdf              ;         ;
; Sistema.bdf                      ; yes             ; User Block Diagram/Schematic File  ; C:/Users/oluca/Downloads/projetoDigitais (1)/projetoDigitais/Sistema.bdf            ;         ;
; ORgate.vhdl                      ; yes             ; User VHDL File                     ; C:/Users/oluca/Downloads/projetoDigitais (1)/projetoDigitais/ORgate.vhdl            ;         ;
; ComparatorFourBit.vhdl           ; yes             ; User VHDL File                     ; C:/Users/oluca/Downloads/projetoDigitais (1)/projetoDigitais/ComparatorFourBit.vhdl ;         ;
; cons.vhdl                        ; yes             ; User VHDL File                     ; C:/Users/oluca/Downloads/projetoDigitais (1)/projetoDigitais/cons.vhdl              ;         ;
+----------------------------------+-----------------+------------------------------------+-------------------------------------------------------------------------------------+---------+


+---------------------------------------------------------------+
; Analysis & Synthesis Resource Usage Summary                   ;
+---------------------------------------------+-----------------+
; Resource                                    ; Usage           ;
+---------------------------------------------+-----------------+
; Estimated Total logic elements              ; 78              ;
;                                             ;                 ;
; Total combinational functions               ; 75              ;
; Logic element usage by number of LUT inputs ;                 ;
;     -- 4 input functions                    ; 34              ;
;     -- 3 input functions                    ; 17              ;
;     -- <=2 input functions                  ; 24              ;
;                                             ;                 ;
; Logic elements by mode                      ;                 ;
;     -- normal mode                          ; 61              ;
;     -- arithmetic mode                      ; 14              ;
;                                             ;                 ;
; Total registers                             ; 38              ;
;     -- Dedicated logic registers            ; 38              ;
;     -- I/O registers                        ; 0               ;
;                                             ;                 ;
; I/O pins                                    ; 13              ;
;                                             ;                 ;
; Embedded Multiplier 9-bit elements          ; 0               ;
;                                             ;                 ;
; Maximum fan-out node                        ; ClkSystem~input ;
; Maximum fan-out                             ; 20              ;
; Total fan-out                               ; 328             ;
; Average fan-out                             ; 2.36            ;
+---------------------------------------------+-----------------+


+--------------------------------------------------------------------------------------------------------------------------------------------------------------------------------------------------------------------------------------------------------+
; Analysis & Synthesis Resource Utilization by Entity                                                                                                                                                                                                    ;
+---------------------------------+---------------------+---------------------------+-------------+--------------+---------+-----------+------+--------------+--------------------------------------------------------+-------------------+--------------+
; Compilation Hierarchy Node      ; Combinational ALUTs ; Dedicated Logic Registers ; Memory Bits ; DSP Elements ; DSP 9x9 ; DSP 18x18 ; Pins ; Virtual Pins ; Full Hierarchy Name                                    ; Entity Name       ; Library Name ;
+---------------------------------+---------------------+---------------------------+-------------+--------------+---------+-----------+------+--------------+--------------------------------------------------------+-------------------+--------------+
; |projetoDigitais                ; 75 (0)              ; 38 (0)                    ; 0           ; 0            ; 0       ; 0         ; 13   ; 0            ; |projetoDigitais                                       ; projetoDigitais   ; work         ;
;    |Entrada:inst|               ; 9 (0)               ; 0 (0)                     ; 0           ; 0            ; 0       ; 0         ; 0    ; 0            ; |projetoDigitais|Entrada:inst                          ; Entrada           ; work         ;
;       |BCDEncoder:inst|         ; 5 (5)               ; 0 (0)                     ; 0           ; 0            ; 0       ; 0         ; 0    ; 0            ; |projetoDigitais|Entrada:inst|BCDEncoder:inst          ; BCDEncoder        ; work         ;
;       |OrGate:inst1|            ; 4 (4)               ; 0 (0)                     ; 0           ; 0            ; 0       ; 0         ; 0    ; 0            ; |projetoDigitais|Entrada:inst|OrGate:inst1             ; OrGate            ; work         ;
;    |Saida:inst5|                ; 4 (0)               ; 5 (0)                     ; 0           ; 0            ; 0       ; 0         ; 0    ; 0            ; |projetoDigitais|Saida:inst5                           ; Saida             ; work         ;
;       |EightBitShiftReg:inst|   ; 4 (4)               ; 5 (5)                     ; 0           ; 0            ; 0       ; 0         ; 0    ; 0            ; |projetoDigitais|Saida:inst5|EightBitShiftReg:inst     ; EightBitShiftReg  ; work         ;
;    |Sistema:inst2|              ; 62 (0)              ; 33 (0)                    ; 0           ; 0            ; 0       ; 0         ; 0    ; 0            ; |projetoDigitais|Sistema:inst2                         ; Sistema           ; work         ;
;       |CodeSelection:inst3|     ; 8 (8)               ; 6 (6)                     ; 0           ; 0            ; 0       ; 0         ; 0    ; 0            ; |projetoDigitais|Sistema:inst2|CodeSelection:inst3     ; CodeSelection     ; work         ;
;       |ComparatorFourBit:inst2| ; 4 (4)               ; 0 (0)                     ; 0           ; 0            ; 0       ; 0         ; 0    ; 0            ; |projetoDigitais|Sistema:inst2|ComparatorFourBit:inst2 ; ComparatorFourBit ; work         ;
;       |FourBitParSftReg:inst4|  ; 0 (0)               ; 3 (3)                     ; 0           ; 0            ; 0       ; 0         ; 0    ; 0            ; |projetoDigitais|Sistema:inst2|FourBitParSftReg:inst4  ; FourBitParSftReg  ; work         ;
;       |FourBitParSftReg:inst|   ; 0 (0)               ; 4 (4)                     ; 0           ; 0            ; 0       ; 0         ; 0    ; 0            ; |projetoDigitais|Sistema:inst2|FourBitParSftReg:inst   ; FourBitParSftReg  ; work         ;
;       |OneShot:inst5|           ; 25 (25)             ; 10 (10)                   ; 0           ; 0            ; 0       ; 0         ; 0    ; 0            ; |projetoDigitais|Sistema:inst2|OneShot:inst5           ; OneShot           ; work         ;
;       |OneShot:inst6|           ; 25 (25)             ; 10 (10)                   ; 0           ; 0            ; 0       ; 0         ; 0    ; 0            ; |projetoDigitais|Sistema:inst2|OneShot:inst6           ; OneShot           ; work         ;
+---------------------------------+---------------------+---------------------------+-------------+--------------+---------+-----------+------+--------------+--------------------------------------------------------+-------------------+--------------+
Note: For table entries with two numbers listed, the numbers in parentheses indicate the number of resources of the given type used by the specific entity alone. The numbers listed outside of parentheses indicate the total resources of the given type used by the specific entity and all of its sub-entities in the hierarchy.


+------------------------------------------------------------------------------------+
; Registers Removed During Synthesis                                                 ;
+-------------------------------------------+----------------------------------------+
; Register name                             ; Reason for Removal                     ;
+-------------------------------------------+----------------------------------------+
; Saida:inst5|EightBitShiftReg:inst|DFF0    ; Stuck at GND due to stuck port data_in ;
; Saida:inst5|EightBitShiftReg:inst|DFF1    ; Stuck at GND due to stuck port data_in ;
; Saida:inst5|EightBitShiftReg:inst|DFF2    ; Stuck at GND due to stuck port data_in ;
; Sistema:inst2|CodeSelection:inst3|Bout[1] ; Stuck at GND due to stuck port data_in ;
; Sistema:inst2|FourBitParSftReg:inst4|DFF2 ; Stuck at GND due to stuck port data_in ;
; Total Number of Removed Registers = 5     ;                                        ;
+-------------------------------------------+----------------------------------------+


+--------------------------------------------------------------------------------------------------------------------------------------------------------+
; Removed Registers Triggering Further Register Optimizations                                                                                            ;
+-------------------------------------------+---------------------------+--------------------------------------------------------------------------------+
; Register name                             ; Reason for Removal        ; Registers Removed due to This Register                                         ;
+-------------------------------------------+---------------------------+--------------------------------------------------------------------------------+
; Saida:inst5|EightBitShiftReg:inst|DFF0    ; Stuck at GND              ; Saida:inst5|EightBitShiftReg:inst|DFF1, Saida:inst5|EightBitShiftReg:inst|DFF2 ;
;                                           ; due to stuck port data_in ;                                                                                ;
; Sistema:inst2|CodeSelection:inst3|Bout[1] ; Stuck at GND              ; Sistema:inst2|FourBitParSftReg:inst4|DFF2                                      ;
;                                           ; due to stuck port data_in ;                                                                                ;
+-------------------------------------------+---------------------------+--------------------------------------------------------------------------------+


+------------------------------------------------------+
; General Register Statistics                          ;
+----------------------------------------------+-------+
; Statistic                                    ; Value ;
+----------------------------------------------+-------+
; Total registers                              ; 38    ;
; Number of registers using Synchronous Clear  ; 0     ;
; Number of registers using Synchronous Load   ; 0     ;
; Number of registers using Asynchronous Clear ; 0     ;
; Number of registers using Asynchronous Load  ; 0     ;
; Number of registers using Clock Enable       ; 3     ;
; Number of registers using Preset             ; 0     ;
+----------------------------------------------+-------+


+--------------------------------------------------+
; Inverted Register Statistics                     ;
+----------------------------------------+---------+
; Inverted Register                      ; Fan out ;
+----------------------------------------+---------+
; Sistema:inst2|OneShot:inst6|Flag       ; 2       ;
; Sistema:inst2|OneShot:inst5|Flag       ; 2       ;
; Total number of inverted registers = 2 ;         ;
+----------------------------------------+---------+


+--------------------------------------------------------------------------------------------------------------------------------------------------------------------------+
; Multiplexer Restructuring Statistics (Restructuring Performed)                                                                                                           ;
+--------------------+-----------+---------------+----------------------+------------------------+------------+------------------------------------------------------------+
; Multiplexer Inputs ; Bus Width ; Baseline Area ; Area if Restructured ; Saving if Restructured ; Registered ; Example Multiplexer Output                                 ;
+--------------------+-----------+---------------+----------------------+------------------------+------------+------------------------------------------------------------+
; 3:1                ; 8 bits    ; 16 LEs        ; 16 LEs               ; 0 LEs                  ; Yes        ; |projetoDigitais|Sistema:inst2|OneShot:inst6|Cnt[3]        ;
; 3:1                ; 8 bits    ; 16 LEs        ; 16 LEs               ; 0 LEs                  ; Yes        ; |projetoDigitais|Sistema:inst2|OneShot:inst5|Cnt[4]        ;
; 8:1                ; 3 bits    ; 15 LEs        ; 12 LEs               ; 3 LEs                  ; Yes        ; |projetoDigitais|Sistema:inst2|CodeSelection:inst3|Bout[0] ;
+--------------------+-----------+---------------+----------------------+------------------------+------------+------------------------------------------------------------+


+-----------------------------------------------------+
; Post-Synthesis Netlist Statistics for Top Partition ;
+-----------------------+-----------------------------+
; Type                  ; Count                       ;
+-----------------------+-----------------------------+
; boundary_port         ; 13                          ;
; cycloneiii_ff         ; 38                          ;
;     ENA               ; 3                           ;
;     plain             ; 35                          ;
; cycloneiii_lcell_comb ; 75                          ;
;     arith             ; 14                          ;
;         3 data inputs ; 14                          ;
;     normal            ; 61                          ;
;         2 data inputs ; 24                          ;
;         3 data inputs ; 3                           ;
;         4 data inputs ; 34                          ;
;                       ;                             ;
; Max LUT depth         ; 8.50                        ;
; Average LUT depth     ; 4.63                        ;
+-----------------------+-----------------------------+


+-------------------------------+
; Elapsed Time Per Partition    ;
+----------------+--------------+
; Partition Name ; Elapsed Time ;
+----------------+--------------+
; Top            ; 00:00:02     ;
+----------------+--------------+


+-------------------------------+
; Analysis & Synthesis Messages ;
+-------------------------------+
Info: *******************************************************************
Info: Running Quartus Prime Analysis & Synthesis
    Info: Version 17.1.0 Build 590 10/25/2017 SJ Lite Edition
    Info: Processing started: Wed May 19 22:47:31 2021
Info: Command: quartus_map --read_settings_files=on --write_settings_files=off projetoDigitais -c projetoDigitais
Warning (18236): Number of processors has not been specified which may cause overloading on shared machines.  Set the global assignment NUM_PARALLEL_PROCESSORS in your QSF to an appropriate value for best performance.
Info (20030): Parallel compilation is enabled and will use 2 of the 2 processors detected
Info (12021): Found 2 design units, including 1 entities, in source file fourbitparsftreg.vhdl
    Info (12022): Found design unit 1: FourBitParSftReg-comportamento File: C:/Users/oluca/Downloads/projetoDigitais (1)/projetoDigitais/FourBitParSftReg.vhdl Line: 13
    Info (12023): Found entity 1: FourBitParSftReg File: C:/Users/oluca/Downloads/projetoDigitais (1)/projetoDigitais/FourBitParSftReg.vhdl Line: 4
Info (12021): Found 2 design units, including 1 entities, in source file fourbitshiftreg.vhdl
    Info (12022): Found design unit 1: FourBitShiftReg-comportamento File: C:/Users/oluca/Downloads/projetoDigitais (1)/projetoDigitais/FourBitShiftReg.vhdl Line: 13
    Info (12023): Found entity 1: FourBitShiftReg File: C:/Users/oluca/Downloads/projetoDigitais (1)/projetoDigitais/FourBitShiftReg.vhdl Line: 4
Info (12021): Found 1 design units, including 1 entities, in source file projetodigitais.bdf
    Info (12023): Found entity 1: projetoDigitais
Info (12021): Found 2 design units, including 1 entities, in source file bcdencoder.vhdl
    Info (12022): Found design unit 1: BCDEncoder-comportamento File: C:/Users/oluca/Downloads/projetoDigitais (1)/projetoDigitais/BCDEncoder.vhdl Line: 8
    Info (12023): Found entity 1: BCDEncoder File: C:/Users/oluca/Downloads/projetoDigitais (1)/projetoDigitais/BCDEncoder.vhdl Line: 4
Info (12021): Found 2 design units, including 1 entities, in source file oneshot.vhdl
    Info (12022): Found design unit 1: OneShot-comportamento File: C:/Users/oluca/Downloads/projetoDigitais (1)/projetoDigitais/OneShot.vhdl Line: 8
    Info (12023): Found entity 1: OneShot File: C:/Users/oluca/Downloads/projetoDigitais (1)/projetoDigitais/OneShot.vhdl Line: 4
Info (12021): Found 2 design units, including 1 entities, in source file eightbitshiftreg.vhdl
    Info (12022): Found design unit 1: EightBitShiftReg-comportamento File: C:/Users/oluca/Downloads/projetoDigitais (1)/projetoDigitais/EightBitShiftReg.vhdl Line: 13
    Info (12023): Found entity 1: EightBitShiftReg File: C:/Users/oluca/Downloads/projetoDigitais (1)/projetoDigitais/EightBitShiftReg.vhdl Line: 4
Info (12021): Found 2 design units, including 1 entities, in source file codeselection.vhdl
    Info (12022): Found design unit 1: CodeSelection-comportamento File: C:/Users/oluca/Downloads/projetoDigitais (1)/projetoDigitais/CodeSelection.vhdl Line: 8
    Info (12023): Found entity 1: CodeSelection File: C:/Users/oluca/Downloads/projetoDigitais (1)/projetoDigitais/CodeSelection.vhdl Line: 4
Info (12021): Found 1 design units, including 1 entities, in source file entrada.bdf
    Info (12023): Found entity 1: Entrada
Info (12021): Found 1 design units, including 1 entities, in source file saida.bdf
    Info (12023): Found entity 1: Saida
Info (12021): Found 1 design units, including 1 entities, in source file sistema.bdf
    Info (12023): Found entity 1: Sistema
Info (12021): Found 2 design units, including 1 entities, in source file orgate.vhdl
    Info (12022): Found design unit 1: OrGate-comportamento File: C:/Users/oluca/Downloads/projetoDigitais (1)/projetoDigitais/ORgate.vhdl Line: 10
    Info (12023): Found entity 1: OrGate File: C:/Users/oluca/Downloads/projetoDigitais (1)/projetoDigitais/ORgate.vhdl Line: 4
Info (12021): Found 2 design units, including 1 entities, in source file comparatorfourbit.vhdl
    Info (12022): Found design unit 1: ComparatorFourBit-comportamento File: C:/Users/oluca/Downloads/projetoDigitais (1)/projetoDigitais/ComparatorFourBit.vhdl Line: 10
    Info (12023): Found entity 1: ComparatorFourBit File: C:/Users/oluca/Downloads/projetoDigitais (1)/projetoDigitais/ComparatorFourBit.vhdl Line: 5
Info (12021): Found 2 design units, including 1 entities, in source file cons.vhdl
    Info (12022): Found design unit 1: cons-comportamento File: C:/Users/oluca/Downloads/projetoDigitais (1)/projetoDigitais/cons.vhdl Line: 14
    Info (12023): Found entity 1: cons File: C:/Users/oluca/Downloads/projetoDigitais (1)/projetoDigitais/cons.vhdl Line: 5
Info (12127): Elaborating entity "projetoDigitais" for the top level hierarchy
Info (12128): Elaborating entity "Saida" for hierarchy "Saida:inst5"
Info (12128): Elaborating entity "EightBitShiftReg" for hierarchy "Saida:inst5|EightBitShiftReg:inst"
Info (12128): Elaborating entity "cons" for hierarchy "Saida:inst5|cons:inst2"
Info (12128): Elaborating entity "Sistema" for hierarchy "Sistema:inst2"
Info (12128): Elaborating entity "ComparatorFourBit" for hierarchy "Sistema:inst2|ComparatorFourBit:inst2"
Info (12128): Elaborating entity "FourBitParSftReg" for hierarchy "Sistema:inst2|FourBitParSftReg:inst"
Info (12128): Elaborating entity "OneShot" for hierarchy "Sistema:inst2|OneShot:inst5"
Info (12128): Elaborating entity "CodeSelection" for hierarchy "Sistema:inst2|CodeSelection:inst3"
Info (12128): Elaborating entity "Entrada" for hierarchy "Entrada:inst"
Info (12128): Elaborating entity "OrGate" for hierarchy "Entrada:inst|OrGate:inst1"
Info (12128): Elaborating entity "BCDEncoder" for hierarchy "Entrada:inst|BCDEncoder:inst"
Info (286030): Timing-Driven Synthesis is running
Info (16010): Generating hard_block partition "hard_block:auto_generated_inst"
    Info (16011): Adding 0 node(s), including 0 DDIO, 0 PLL, 0 transceiver and 0 LCELL
Info (21057): Implemented 92 device resources after synthesis - the final resource count might be different
    Info (21058): Implemented 12 input pins
    Info (21059): Implemented 1 output pins
    Info (21061): Implemented 79 logic cells
Info: Quartus Prime Analysis & Synthesis was successful. 0 errors, 1 warning
    Info: Peak virtual memory: 4796 megabytes
    Info: Processing ended: Wed May 19 22:48:06 2021
    Info: Elapsed time: 00:00:35
    Info: Total CPU time (on all processors): 00:00:58


